# JRE version: OpenJDK Runtime Environment JBR-17.0.14+1-1367.22-nomod (17.0.14+1) (build 17.0.14+1-b1367.22)
# Java VM: OpenJDK 64-Bit Server VM JBR-17.0.14+1-1367.22-nomod (17.0.14+1-b1367.22, mixed mode, sharing, tiered, compressed oops, compressed class ptrs, g1 gc, windows-amd64)
GC Precious Log:
 CPUs: 16 total, 16 available
 Memory: 24260M
 Large Page Support: Disabled
 NUMA Support: Disabled
 Compressed Oops: Enabled (Zero based)
 Heap Region Size: 4M
 Heap Min Capacity: 8M
 Heap Initial Capacity: 380M
 Heap Max Capacity: 6G
 Pre-touch: Disabled
 Parallel Workers: 13
 Concurrent Workers: 3
 Concurrent Refinement Workers: 13
 Periodic GC: Disabled
Heap:
 garbage-first heap   total 1245184K, used 848870K [0x0000000680000000, 0x0000000800000000)
  region size 4096K, 100 young (409600K), 3 survivors (12288K)
 Metaspace       used 459421K, committed 463360K, reserved 1507328K
  class space    used 58496K, committed 60480K, reserved 1048576K
GC Heap History (20 events):
Event: 5648.138 GC heap before
{Heap before GC invocations=124 (full 0):
 garbage-first heap   total 1245184K, used 1027428K [0x0000000680000000, 0x0000000800000000)
  region size 4096K, 147 young (602112K), 2 survivors (8192K)
 Metaspace       used 394079K, committed 397568K, reserved 1441792K
  class space    used 50011K, committed 51776K, reserved 1048576K
}
Event: 5648.146 GC heap after
{Heap after GC invocations=125 (full 0):
 garbage-first heap   total 1245184K, used 444260K [0x0000000680000000, 0x0000000800000000)
  region size 4096K, 5 young (20480K), 5 survivors (20480K)
 Metaspace       used 394079K, committed 397568K, reserved 1441792K
  class space    used 50011K, committed 51776K, reserved 1048576K
}
Event: 5766.763 GC heap before
{Heap before GC invocations=126 (full 0):
 garbage-first heap   total 1245184K, used 1054564K [0x0000000680000000, 0x0000000800000000)
  region size 4096K, 150 young (614400K), 5 survivors (20480K)
 Metaspace       used 404839K, committed 408448K, reserved 1441792K
  class space    used 51300K, committed 53120K, reserved 1048576K
}
Event: 5766.781 GC heap after
{Heap after GC invocations=127 (full 0):
 garbage-first heap   total 1245184K, used 490325K [0x0000000680000000, 0x0000000800000000)
  region size 4096K, 15 young (61440K), 15 survivors (61440K)
 Metaspace       used 404839K, committed 408448K, reserved 1441792K
  class space    used 51300K, committed 53120K, reserved 1048576K
}
Event: 5766.807 GC heap before
{Heap before GC invocations=127 (full 0):
 garbage-first heap   total 1245184K, used 490325K [0x0000000680000000, 0x0000000800000000)
  region size 4096K, 16 young (65536K), 15 survivors (61440K)
 Metaspace       used 405172K, committed 408704K, reserved 1441792K
  class space    used 51339K, committed 53120K, reserved 1048576K
}
Event: 5766.822 GC heap after
{Heap after GC invocations=128 (full 0):
 garbage-first heap   total 1245184K, used 469088K [0x0000000680000000, 0x0000000800000000)
  region size 4096K, 2 young (8192K), 2 survivors (8192K)
 Metaspace       used 405172K, committed 408704K, reserved 1441792K
  class space    used 51339K, committed 53120K, reserved 1048576K
}
Event: 5770.407 GC heap before
{Heap before GC invocations=128 (full 0):
 garbage-first heap   total 1245184K, used 1022048K [0x0000000680000000, 0x0000000800000000)
  region size 4096K, 138 young (565248K), 2 survivors (8192K)
 Metaspace       used 427786K, committed 431424K, reserved 1441792K
  class space    used 54532K, committed 56384K, reserved 1048576K
}
Event: 5770.415 GC heap after
{Heap after GC invocations=129 (full 0):
 garbage-first heap   total 1245184K, used 472630K [0x0000000680000000, 0x0000000800000000)
  region size 4096K, 5 young (20480K), 5 survivors (20480K)
 Metaspace       used 427786K, committed 431424K, reserved 1441792K
  class space    used 54532K, committed 56384K, reserved 1048576K
}
Event: 5776.019 GC heap before
{Heap before GC invocations=130 (full 0):
 garbage-first heap   total 1245184K, used 1021494K [0x0000000680000000, 0x0000000800000000)
  region size 4096K, 140 young (573440K), 5 survivors (20480K)
 Metaspace       used 432999K, committed 436480K, reserved 1441792K
  class space    used 55073K, committed 56832K, reserved 1048576K
}
Event: 5776.029 GC heap after
{Heap after GC invocations=131 (full 0):
 garbage-first heap   total 1245184K, used 480708K [0x0000000680000000, 0x0000000800000000)
  region size 4096K, 7 young (28672K), 7 survivors (28672K)
 Metaspace       used 432999K, committed 436480K, reserved 1441792K
  class space    used 55073K, committed 56832K, reserved 1048576K
}
Event: 5779.024 GC heap before
{Heap before GC invocations=131 (full 0):
 garbage-first heap   total 1245184K, used 509380K [0x0000000680000000, 0x0000000800000000)
  region size 4096K, 15 young (61440K), 7 survivors (28672K)
 Metaspace       used 433327K, committed 436864K, reserved 1441792K
  class space    used 55091K, committed 56896K, reserved 1048576K
}
Event: 5779.049 GC heap after
{Heap after GC invocations=132 (full 0):
 garbage-first heap   total 1245184K, used 447202K [0x0000000680000000, 0x0000000800000000)
  region size 4096K, 2 young (8192K), 2 survivors (8192K)
 Metaspace       used 433327K, committed 436864K, reserved 1441792K
  class space    used 55091K, committed 56896K, reserved 1048576K
}
Event: 6024.415 GC heap before
{Heap before GC invocations=132 (full 0):
 garbage-first heap   total 1245184K, used 1020642K [0x0000000680000000, 0x0000000800000000)
  region size 4096K, 143 young (585728K), 2 survivors (8192K)
 Metaspace       used 451308K, committed 455104K, reserved 1507328K
  class space    used 57352K, committed 59264K, reserved 1048576K
}
Event: 6024.422 GC heap after
{Heap after GC invocations=133 (full 0):
 garbage-first heap   total 1245184K, used 450124K [0x0000000680000000, 0x0000000800000000)
  region size 4096K, 2 young (8192K), 2 survivors (8192K)
 Metaspace       used 451308K, committed 455104K, reserved 1507328K
  class space    used 57352K, committed 59264K, reserved 1048576K
}
Event: 6075.201 GC heap before
{Heap before GC invocations=134 (full 0):
 garbage-first heap   total 1245184K, used 1031756K [0x0000000680000000, 0x0000000800000000)
  region size 4096K, 146 young (598016K), 2 survivors (8192K)
 Metaspace       used 455242K, committed 459072K, reserved 1507328K
  class space    used 57805K, committed 59712K, reserved 1048576K
}
Event: 6075.209 GC heap after
{Heap after GC invocations=135 (full 0):
 garbage-first heap   total 1245184K, used 466245K [0x0000000680000000, 0x0000000800000000)
  region size 4096K, 7 young (28672K), 7 survivors (28672K)
 Metaspace       used 455242K, committed 459072K, reserved 1507328K
  class space    used 57805K, committed 59712K, reserved 1048576K
}
Event: 6079.994 GC heap before
{Heap before GC invocations=135 (full 0):
 garbage-first heap   total 1245184K, used 499013K [0x0000000680000000, 0x0000000800000000)
  region size 4096K, 15 young (61440K), 7 survivors (28672K)
 Metaspace       used 455250K, committed 459072K, reserved 1507328K
  class space    used 57805K, committed 59712K, reserved 1048576K
}
Event: 6080.012 GC heap after
{Heap after GC invocations=136 (full 0):
 garbage-first heap   total 1245184K, used 430479K [0x0000000680000000, 0x0000000800000000)
  region size 4096K, 2 young (8192K), 2 survivors (8192K)
 Metaspace       used 455250K, committed 459072K, reserved 1507328K
  class space    used 57805K, committed 59712K, reserved 1048576K
}
Event: 6492.736 GC heap before
{Heap before GC invocations=136 (full 0):
 garbage-first heap   total 1245184K, used 934287K [0x0000000680000000, 0x0000000800000000)
  region size 4096K, 127 young (520192K), 2 survivors (8192K)
 Metaspace       used 459216K, committed 463104K, reserved 1507328K
  class space    used 58340K, committed 60288K, reserved 1048576K
}
Event: 6492.742 GC heap after
{Heap after GC invocations=137 (full 0):
 garbage-first heap   total 1245184K, used 435174K [0x0000000680000000, 0x0000000800000000)
  region size 4096K, 3 young (12288K), 3 survivors (12288K)
 Metaspace       used 459216K, committed 463104K, reserved 1507328K
  class space    used 58340K, committed 60288K, reserved 1048576K
}

